c:\intelproject\upsquared\up2controller\up2controller\x64\release\vc141.pdb
c:\intelproject\upsquared\up2controller\up2controller\x64\release\.netframework,version=v4.0.assemblyattributes.obj
c:\intelproject\upsquared\up2controller\up2controller\x64\release\.netframework,version=v4.0.assemblyattributes.asm
c:\intelproject\upsquared\up2controller\up2controller\x64\release\threadcontroller.obj
c:\intelproject\upsquared\up2controller\up2controller\x64\release\stdafx.obj
c:\intelproject\upsquared\up2controller\up2controller\x64\release\safeeyemain.obj
c:\intelproject\upsquared\up2controller\up2controller\x64\release\pcie.obj
c:\intelproject\upsquared\up2controller\up2controller\x64\release\movedetector.obj
c:\intelproject\upsquared\up2controller\up2controller\x64\release\fpgacontroller.obj
c:\intelproject\upsquared\up2controller\x64\release\up2controller.exe
c:\intelproject\upsquared\up2controller\x64\release\up2controller.pdb
c:\intelproject\upsquared\up2controller\up2controller\x64\release\up2controller.tlog\metagen.write.1.tlog
c:\intelproject\upsquared\up2controller\up2controller\x64\release\up2controller.vcxprojassemblyreference.cache
c:\intelproject\upsquared\up2controller\up2controller\x64\release\up2controller.tlog\cl.command.1.tlog
c:\intelproject\upsquared\up2controller\up2controller\x64\release\up2controller.tlog\cl.read.1.tlog
c:\intelproject\upsquared\up2controller\up2controller\x64\release\up2controller.tlog\cl.write.1.tlog
c:\intelproject\upsquared\up2controller\up2controller\x64\release\up2controller.tlog\link.command.1.tlog
c:\intelproject\upsquared\up2controller\up2controller\x64\release\up2controller.tlog\link.read.1.tlog
c:\intelproject\upsquared\up2controller\up2controller\x64\release\up2controller.tlog\link.write.1.tlog
c:\intelproject\upsquared\up2controller\up2controller\x64\release\up2controller.tlog\metagen.read.1.tlog
c:\intelproject\upsquared\up2controller\up2controller\x64\release\up2controller.tlog\up2controller.write.1u.tlog
c:\intelproject\upsquared\up2controller\up2controller\x64\release\up2controller.tlog\car.dll.metagen
c:\intelproject\upsquared\up2controller\up2controller\x64\release\up2controller.tlog\tzres.dll.bi
